<?xml version="1.0" encoding="UTF-8"?>
<testsuite xmlns:xsi="http://www.w3.org/2001/XMLSchema-instance" xsi:noNamespaceSchemaLocation="https://maven.apache.org/surefire/maven-surefire-plugin/xsd/surefire-test-report-3.0.xsd" version="3.0" name="com.parag.webscrap.WebscrapApplicationTests" time="2.789" tests="1" errors="0" skipped="0" failures="0">
  <properties>
[...]
</properties>
  <testcase name="contextLoads" classname="com.parag.webscrap.WebscrapApplicationTests" time="1.05">
    <system-out><![CDATA[23:47:33.280 [main] INFO org.springframework.test.context.support.AnnotationConfigContextLoaderUtils -- Could not detect default configuration classes for test class [com.parag.webscrap.WebscrapApplicationTests]: WebscrapApplicationTests does not declare any static, non-private, non-final, nested classes annotated with @Configuration.
23:47:33.435 [main] INFO org.springframework.boot.test.context.SpringBootTestContextBootstrapper -- Found @SpringBootConfiguration com.parag.webscrap.WebscrapApplication for test class com.parag.webscrap.WebscrapApplicationTests

  .   ____          _            __ _ _
 /\\ / ___'_ __ _ _(_)_ __  __ _ \ \ \ \
( ( )\___ | '_ | '_| | '_ \/ _` | \ \ \ \
 \\/  ___)| |_)| | | | | || (_| |  ) ) ) )
  '  |____| .__|_| |_|_| |_\__, | / / / /
 =========|_|==============|___/=/_/_/_/

 :: Spring Boot ::                (v3.3.3)

2024-09-02T23:47:34.085+05:30  INFO 12432 --- [webscrap] [           main] c.p.webscrap.WebscrapApplicationTests    : Starting WebscrapApplicationTests using Java 22.0.1 with PID 12432 (started by parag in C:\Users\parag\Downloads\webscrap\webscrap)
2024-09-02T23:47:34.087+05:30  INFO 12432 --- [webscrap] [           main] c.p.webscrap.WebscrapApplicationTests    : No active profile set, falling back to 1 default profile: "default"
2024-09-02T23:47:34.702+05:30  INFO 12432 --- [webscrap] [           main] c.p.webscrap.WebscrapApplicationTests    : Started WebscrapApplicationTests in 1.072 seconds (process running for 2.552)
]]></system-out>
    <system-err><![CDATA[WARNING: A Java agent has been loaded dynamically (C:\Users\parag\.m2\repository\net\bytebuddy\byte-buddy-agent\1.14.19\byte-buddy-agent-1.14.19.jar)
WARNING: If a serviceability tool is in use, please run with -XX:+EnableDynamicAgentLoading to hide this warning
WARNING: If a serviceability tool is not in use, please run with -Djdk.instrument.traceUsage for more information
WARNING: Dynamic loading of agents will be disallowed by default in a future release
]]></system-err>
  </testcase>
</testsuite>